<?xml version="1.0" encoding="UTF-8"?>
<!-- Generated by org.testng.reporters.JUnitReportReporter -->
<testsuite hostname="DESKTOP-LQ8ET5D" failures="0" tests="1" name="Com.Banking.LoginTC.Banking_NewCustomerTC" time="61.153" errors="0" timestamp="2022-12-21T21:45:57 IST" skipped="0">
  <testcase classname="Com.Banking.LoginTC.Banking_NewCustomerTC" name="NewCustmer" time="61.153"/>
  <system-out/>
</testsuite> <!-- Com.Banking.LoginTC.Banking_NewCustomerTC -->
