<?xml version="1.0" encoding="UTF-8"?>
<!-- Generated by org.testng.reporters.JUnitReportReporter -->
<testsuite hostname="DESKTOP-LQ8ET5D" failures="0" tests="5" name="Com.Banking.TestCases.TC1_Banking_LoginWithXL" time="169.572" errors="0" timestamp="2022-12-23T11:24:49 IST" skipped="0">
  <testcase classname="Com.Banking.TestCases.TC1_Banking_LoginWithXL" name="LoginTest" time="32.325"/>
  <system-out/>
  <testcase classname="Com.Banking.TestCases.TC1_Banking_LoginWithXL" name="LoginTest" time="32.378"/>
  <system-out/>
  <testcase classname="Com.Banking.TestCases.TC1_Banking_LoginWithXL" name="LoginTest" time="28.218"/>
  <system-out/>
  <testcase classname="Com.Banking.TestCases.TC1_Banking_LoginWithXL" name="LoginTest" time="35.248"/>
  <system-out/>
  <testcase classname="Com.Banking.TestCases.TC1_Banking_LoginWithXL" name="LoginTest" time="41.403"/>
  <system-out/>
</testsuite> <!-- Com.Banking.TestCases.TC1_Banking_LoginWithXL -->
