<?xml version="1.0" encoding="UTF-8"?>
<!-- Generated by org.testng.reporters.JUnitReportReporter -->
<testsuite hostname="DESKTOP-LQ8ET5D" failures="0" tests="1" name="Com.Banking.TestCases.TC2_Banking_NewCustomer" time="49.891" errors="0" timestamp="2023-01-04T20:49:08 IST" skipped="0">
  <testcase classname="Com.Banking.TestCases.TC2_Banking_NewCustomer" name="NewCustmer" time="49.891"/>
  <system-out/>
</testsuite> <!-- Com.Banking.TestCases.TC2_Banking_NewCustomer -->
